<?xml version="1.0" encoding="UTF-8"?>
<!-- Generated by org.testng.reporters.JUnitXMLReporter -->
<testsuite ignored="0" hostname="c624lm2tv3d4htd.us624.corpintra.net" failures="1" tests="1" name="chrome(failed)" time="16.526" errors="0" timestamp="2024-08-16T11:25:33 PDT">
  <testcase classname="TestCase.LoginTest" name="loginbuton" time="11.188">
    <failure type="java.lang.AssertionError" message="expected [true] but found [false]">
      <![CDATA[java.lang.AssertionError: expected [true] but found [false]
at TestCase.LoginTest.loginbuton(LoginTest.java:33)
at java.base/java.util.ArrayList.forEach(ArrayList.java:1596)
... Removed 29 stack frames]]>
    </failure>
  </testcase> <!-- loginbuton -->
</testsuite> <!-- chrome(failed) -->
